<?xml version="1.0" encoding="UTF-8"?>
<!-- Generated by org.testng.reporters.JUnitReportReporter -->
<testsuite hostname="Sulmans-MacBook-Pro.local" failures="0" tests="3" name="PostTestCases.CreateNewEmployee" time="0.009" errors="0" timestamp="31 Dec 2019 17:40:08 GMT">
  <testcase classname="PostTestCases.CreateNewEmployee" name="StatusCode" time="0.003"/>
  <testcase classname="PostTestCases.CreateNewEmployee" name="Responsebody" time="0.005"/>
  <testcase classname="PostTestCases.CreateNewEmployee" name="CheckStatusLine" time="0.001"/>
</testsuite> <!-- PostTestCases.CreateNewEmployee -->
