<?xml version="1.0" encoding="UTF-8"?>
<!-- Generated by org.testng.reporters.JUnitReportReporter -->
<testsuite hostname="Sulmans-MacBook-Pro.local" failures="0" tests="3" name="GetTestCases.AllEmployeesInfo" time="0.032" errors="0" timestamp="31 Dec 2019 17:40:08 GMT">
  <testcase classname="GetTestCases.AllEmployeesInfo" name="ResponseBody" time="0.024"/>
  <testcase classname="GetTestCases.AllEmployeesInfo" name="StatusCode" time="0.004"/>
  <testcase classname="GetTestCases.AllEmployeesInfo" name="ResponseTime" time="0.004"/>
</testsuite> <!-- GetTestCases.AllEmployeesInfo -->
