<?xml version="1.0" encoding="UTF-8"?>
<!-- Generated by org.testng.reporters.JUnitReportReporter -->
<testsuite hostname="Sulmans-MacBook-Pro.local" failures="0" tests="2" name="PostTestCases.CreateNewEmployee" time="0.005" errors="0" timestamp="31 Dec 2019 15:51:17 GMT">
  <testcase classname="PostTestCases.CreateNewEmployee" name="Responsebody" time="0.004"/>
  <testcase classname="PostTestCases.CreateNewEmployee" name="StatusCode" time="0.001"/>
</testsuite> <!-- PostTestCases.CreateNewEmployee -->
